[03:22:16] [main/INFO] (Launcher) ModLauncher running: args [--launchTarget, neoforgeclientdev, --version, 21.4.9-beta, --assetIndex, 1.21.4-19, --assetsDir, C:\Users\bouck\.gradle\caches\fabric-loom\assets, --gameDir, ., --fml.fmlVersion, 6.0.4, --fml.mcVersion, 1.21.4, --fml.neoForgeVersion, 21.4.9-beta, --fml.neoFormVersion, 20241203.161809]
[03:22:16] [main/INFO] (Launcher) JVM identified as Eclipse Adoptium OpenJDK 64-Bit Server VM 21.0.6+7-LTS
[03:22:16] [main/INFO] (Launcher) ModLauncher 11.0.4+main.d2e20e43 starting: java version 21.0.6 by Eclipse Adoptium; OS Windows 11 arch amd64 version 10.0
[03:22:16] [main/INFO] (ImmediateWindowHandler) Loading ImmediateWindowProvider fmlearlywindow
[03:22:16] [main/INFO] (EARLYDISPLAY) Trying GL version 4.6
[03:22:16] [main/INFO] (EARLYDISPLAY) Requested GL version 4.6 got version 4.6
[03:22:16] [main/INFO] (mixin) SpongePowered MIXIN Subsystem Version=0.8.7 Source=union:/C:/Users/bouck/.gradle/caches/modules-2/files-2.1/net.fabricmc/sponge-mixin/0.15.2+mixin.0.8.7/2af2f021d8e02a0220dc27a7a72b4666d66d44ca/sponge-mixin-0.15.2+mixin.0.8.7.jar%23138!/ Service=ModLauncher Env=CLIENT
[03:22:16] [main/INFO] (ModDiscoverer) Found mod file "neoforge-21.4.9-beta-minecraft-merged-1.21.4-loom.mappings.1_21_4.layered+hash.40359-v2-neoforge-21.4.9-beta.jar" [locator: neoforge devenv provider ([C:\Users\bouck\.gradle\caches\fabric-loom\minecraftMaven\net\minecraft\neoforge-21.4.9-beta-minecraft-merged\1.21.4-loom.mappings.1_21_4.layered+hash.40359-v2-neoforge-21.4.9-beta\neoforge-21.4.9-beta-minecraft-merged-1.21.4-loom.mappings.1_21_4.layered+hash.40359-v2-neoforge-21.4.9-beta.jar])]
[03:22:16] [main/INFO] (ModDiscoverer) Found mod file "neoforge-21.4.9-beta-minecraft-merged-1.21.4-loom.mappings.1_21_4.layered+hash.40359-v2-neoforge-21.4.9-beta.jar" [locator: neoforge devenv provider ([C:\Users\bouck\.gradle\caches\fabric-loom\minecraftMaven\net\minecraft\neoforge-21.4.9-beta-minecraft-merged\1.21.4-loom.mappings.1_21_4.layered+hash.40359-v2-neoforge-21.4.9-beta\neoforge-21.4.9-beta-minecraft-merged-1.21.4-loom.mappings.1_21_4.layered+hash.40359-v2-neoforge-21.4.9-beta.jar])]
[03:22:16] [main/INFO] (ModDiscoverer) Found mod file "main" [locator: userdev mods and services, reader: mod manifest]
[03:22:17] [main/INFO] (ModDiscoverer) Found mod file "neoforge-21.4.9-beta-minecraft-merged-1.21.4-loom.mappings.1_21_4.layered+hash.40359-v2-neoforge-21.4.9-beta.jar" [locator: userdev mods and services, reader: mod manifest]
[03:22:17] [main/INFO] (ModDiscoverer) Found mod file "architectury-neoforge-15.0.1.jar" [locator: userdev mods and services, reader: mod manifest]
[03:22:17] [main/INFO] (ModDiscoverer) Found mod file "17518899711937452615.jar" [locator: userdev mods and services, reader: mod manifest]
[03:22:17] [main/INFO] (ModDiscoverer) Found gamelibrary file "mixinextras-neoforge-0.4.1.jar" [locator: userdev mods and services, reader: mod manifest]
[03:22:17] [pool-5-thread-1/INFO] (EARLYDISPLAY) GL info: NVIDIA GeForce RTX 3060/PCIe/SSE2 GL version 4.6.0 NVIDIA 572.42, NVIDIA Corporation
[03:22:17] [main/WARN] (JarSelector) Attempted to select a dependency jar for JarJar which was passed in as source: library:mixinextras.neoforge. Using Mod File: C:\Users\bouck\.gradle\caches\modules-2\files-2.1\io.github.llamalad7\mixinextras-neoforge\0.4.1\eff97772ecd0dcf8e52cdbafd3b3ccec425f8314\mixinextras-neoforge-0.4.1.jar
[03:22:17] [main/INFO] (JarInJarDependencyLocator) Found 1 dependencies adding them to mods collection
[03:22:17] [main/INFO] (ModDiscoverer) Found library file "net.neoforged.neoforge-coremods-21.4.9-beta.jar" [parent: neoforge-21.4.9-beta-minecraft-merged-1.21.4-loom.mappings.1_21_4.layered+hash.40359-v2-neoforge-21.4.9-beta.jar, locator: jarinjar, reader: mod manifest]
[03:22:17] [main/INFO] (ModDiscoverer) 
     Mod List:
		Name Version (Mod Id)

		Architectury 15.0.1 (architectury)
		DopedHorses 1.0.0 (dopedhorses)
		generated_440d086 1 (generated_440d086)
		Minecraft 1.21.4 (minecraft)
		NeoForge 21.4.9-beta (neoforge)
[03:22:18] [main/INFO] (mixin) Compatibility level set to JAVA_21
[03:22:18] [main/INFO] (LaunchServiceHandler) Launching target 'neoforgeclientdev' with arguments [--version, 21.4.9-beta, --gameDir, ., --assetsDir, C:\Users\bouck\.gradle\caches\fabric-loom\assets, --assetIndex, 1.21.4-19]
[03:22:18] [main/INFO] (unprotect) Found 8841 Minecraft classes
[02mars2025 03:22:21.034] [Datafixer Bootstrap/INFO] [com.mojang.datafixers.DataFixerBuilder/]: 246 Datafixer optimizations took 405 milliseconds
[02mars2025 03:22:21.310] [pool-12-thread-1/INFO] [MixinExtras|Service/]: Initializing MixinExtras via com.llamalad7.mixinextras.service.MixinExtrasServiceImpl(version=0.4.1).
[02mars2025 03:22:27.686] [main/WARN] [net.minecraft.commands.Commands/]: Ambiguity between arguments [teleport, location] and [teleport, destination] with inputs: [0.1 -0.5 .9, 0 0 0]
[02mars2025 03:22:27.686] [main/WARN] [net.minecraft.commands.Commands/]: Ambiguity between arguments [teleport, location] and [teleport, targets] with inputs: [0.1 -0.5 .9, 0 0 0]
[02mars2025 03:22:27.689] [main/WARN] [net.minecraft.commands.Commands/]: Ambiguity between arguments [teleport, destination] and [teleport, targets] with inputs: [Player, 0123, @e, dd12be42-52a9-4a91-a8a1-11c01849e498]
[02mars2025 03:22:27.691] [main/WARN] [net.minecraft.commands.Commands/]: Ambiguity between arguments [teleport, targets] and [teleport, destination] with inputs: [Player, 0123, dd12be42-52a9-4a91-a8a1-11c01849e498]
[02mars2025 03:22:27.693] [main/WARN] [net.minecraft.commands.Commands/]: Ambiguity between arguments [teleport, targets, location] and [teleport, targets, destination] with inputs: [0.1 -0.5 .9, 0 0 0]
[02mars2025 03:22:27.859] [Render thread/WARN] [net.minecraft.server.packs.VanillaPackResourcesBuilder/]: Assets URL 'union:/C:/Users/bouck/.gradle/caches/fabric-loom/minecraftMaven/net/minecraft/neoforge-21.4.9-beta-minecraft-merged/1.21.4-loom.mappings.1_21_4.layered+hash.40359-v2-neoforge-21.4.9-beta/neoforge-21.4.9-beta-minecraft-merged-1.21.4-loom.mappings.1_21_4.layered+hash.40359-v2-neoforge-21.4.9-beta.jar%23224!/assets/.mcassetsroot' uses unexpected schema
[02mars2025 03:22:27.860] [Render thread/WARN] [net.minecraft.server.packs.VanillaPackResourcesBuilder/]: Assets URL 'union:/C:/Users/bouck/.gradle/caches/fabric-loom/minecraftMaven/net/minecraft/neoforge-21.4.9-beta-minecraft-merged/1.21.4-loom.mappings.1_21_4.layered+hash.40359-v2-neoforge-21.4.9-beta/neoforge-21.4.9-beta-minecraft-merged-1.21.4-loom.mappings.1_21_4.layered+hash.40359-v2-neoforge-21.4.9-beta.jar%23224!/data/.mcassetsroot' uses unexpected schema
[02mars2025 03:22:27.918] [Render thread/INFO] [com.mojang.authlib.yggdrasil.YggdrasilAuthenticationService/]: Environment: Environment[sessionHost=https://sessionserver.mojang.com, servicesHost=https://api.minecraftservices.com, name=PROD]
[02mars2025 03:22:27.934] [Render thread/INFO] [net.minecraft.client.Minecraft/]: Setting user: Dev
[02mars2025 03:22:28.076] [Render thread/INFO] [net.minecraft.client.Minecraft/]: Backend library: LWJGL version 3.3.3+5
[02mars2025 03:22:28.485] [modloading-worker-0/INFO] [net.neoforged.neoforge.common.NeoForgeMod/NEOFORGE-MOD]: NeoForge mod loading, version 21.4.9-beta, for MC 1.21.4
[02mars2025 03:22:29.568] [Render thread/INFO] [net.neoforged.neoforge.gametest.GameTestHooks/]: Enabled Gametest Namespaces: []
[02mars2025 03:22:29.773] [Render thread/INFO] [net.minecraft.server.packs.resources.ReloadableResourceManager/]: Reloading ResourceManager: vanilla, mod_resources, mod/generated_440d086, mod/architectury, mod/dopedhorses, mod/neoforge
[02mars2025 03:22:29.959] [resourceLoad/INFO] [net.minecraft.client.gui.font.providers.UnihexProvider/]: Found unifont_all_no_pua-16.0.01.hex, loading
[02mars2025 03:22:29.959] [resourceLoad/INFO] [net.minecraft.client.gui.font.providers.UnihexProvider/]: Found unifont_jp_patch-16.0.01.hex, loading
[02mars2025 03:22:32.060] [Render thread/INFO] [com.mojang.blaze3d.audio.Library/]: OpenAL initialized on device OpenAL Soft on Voicemeeter Input (VB-Audio Voicemeeter VAIO)
[02mars2025 03:22:32.061] [Render thread/INFO] [net.minecraft.client.sounds.SoundEngine/SOUNDS]: Sound engine started
[02mars2025 03:22:32.194] [Render thread/INFO] [net.minecraft.client.renderer.texture.TextureAtlas/]: Created: 1024x512x4 minecraft:textures/atlas/blocks.png-atlas
[02mars2025 03:22:32.203] [Render thread/INFO] [net.minecraft.client.renderer.texture.TextureAtlas/]: Created: 256x256x4 minecraft:textures/atlas/signs.png-atlas
[02mars2025 03:22:32.203] [Render thread/INFO] [net.minecraft.client.renderer.texture.TextureAtlas/]: Created: 512x512x4 minecraft:textures/atlas/shield_patterns.png-atlas
[02mars2025 03:22:32.204] [Render thread/INFO] [net.minecraft.client.renderer.texture.TextureAtlas/]: Created: 512x512x4 minecraft:textures/atlas/banner_patterns.png-atlas
[02mars2025 03:22:32.204] [Render thread/INFO] [net.minecraft.client.renderer.texture.TextureAtlas/]: Created: 2048x1024x4 minecraft:textures/atlas/armor_trims.png-atlas
[02mars2025 03:22:32.207] [Render thread/INFO] [net.minecraft.client.renderer.texture.TextureAtlas/]: Created: 256x256x4 minecraft:textures/atlas/chest.png-atlas
[02mars2025 03:22:32.207] [Render thread/INFO] [net.minecraft.client.renderer.texture.TextureAtlas/]: Created: 128x64x4 minecraft:textures/atlas/decorated_pot.png-atlas
[02mars2025 03:22:32.207] [Render thread/INFO] [net.minecraft.client.renderer.texture.TextureAtlas/]: Created: 512x256x4 minecraft:textures/atlas/beds.png-atlas
[02mars2025 03:22:32.209] [Render thread/INFO] [net.minecraft.client.renderer.texture.TextureAtlas/]: Created: 512x256x4 minecraft:textures/atlas/shulker_boxes.png-atlas
[02mars2025 03:22:32.210] [Render thread/INFO] [net.minecraft.client.renderer.texture.TextureAtlas/]: Created: 64x64x0 minecraft:textures/atlas/map_decorations.png-atlas
[02mars2025 03:22:32.394] [Render thread/INFO] [net.minecraft.client.renderer.texture.TextureAtlas/]: Created: 512x256x0 minecraft:textures/atlas/particles.png-atlas
[02mars2025 03:22:32.395] [Render thread/INFO] [net.minecraft.client.renderer.texture.TextureAtlas/]: Created: 512x256x0 minecraft:textures/atlas/paintings.png-atlas
[02mars2025 03:22:32.397] [Render thread/INFO] [net.minecraft.client.renderer.texture.TextureAtlas/]: Created: 256x128x0 minecraft:textures/atlas/mob_effects.png-atlas
[02mars2025 03:22:32.397] [Render thread/INFO] [net.minecraft.client.renderer.texture.TextureAtlas/]: Created: 1024x512x0 minecraft:textures/atlas/gui.png-atlas
[02mars2025 03:22:32.404] [Render thread/INFO] [net.neoforged.neoforge.client.entity.animation.json.AnimationLoader/]: Loaded 0 entity animations
[02mars2025 03:22:37.371] [Render thread/INFO] [net.minecraft.world.item.crafting.RecipeManager/]: Loaded 1370 recipes
[02mars2025 03:22:37.391] [Render thread/INFO] [net.minecraft.advancements.AdvancementTree/]: Loaded 1481 advancements
[02mars2025 03:22:37.579] [Server thread/INFO] [net.minecraft.client.server.IntegratedServer/]: Starting integrated minecraft server version 1.21.4
[02mars2025 03:22:37.579] [Server thread/INFO] [net.minecraft.server.MinecraftServer/]: Generating keypair
[02mars2025 03:22:37.969] [Server thread/INFO] [net.minecraft.server.MinecraftServer/]: Preparing start region for dimension minecraft:overworld
[02mars2025 03:22:38.218] [progressListener/INFO] [net.minecraft.server.level.progress.LoggerChunkProgressListener/]: Preparing spawn area: 0%
[02mars2025 03:22:38.292] [progressListener/INFO] [net.minecraft.server.level.progress.LoggerChunkProgressListener/]: Time elapsed: 305 ms
[02mars2025 03:22:38.292] [Server thread/INFO] [net.neoforged.neoforge.server.permission.PermissionAPI/]: Successfully initialized permission handler neoforge:default_handler
[02mars2025 03:22:38.410] [Server thread/INFO] [net.minecraft.client.server.IntegratedServer/]: Changing view distance to 12, from 10
[02mars2025 03:22:38.410] [Server thread/INFO] [net.minecraft.client.server.IntegratedServer/]: Changing simulation distance to 12, from 0
[02mars2025 03:22:39.262] [Server thread/INFO] [net.minecraft.server.players.PlayerList/]: Dev[local:E:d8e20ff9] logged in with entity id 4 at (11.907719993978438, -59.15624997615814, 244.9955979228629)
[02mars2025 03:22:39.314] [Server thread/INFO] [net.minecraft.server.MinecraftServer/]: Dev joined the game
[02mars2025 03:22:39.947] [Render thread/INFO] [net.minecraft.advancements.AdvancementTree/]: Loaded 54 advancements
[02mars2025 03:22:40.396] [Server thread/INFO] [net.minecraft.client.server.IntegratedServer/]: Saving and pausing game...
[02mars2025 03:22:40.444] [Server thread/INFO] [net.minecraft.server.MinecraftServer/]: Saving chunks for level 'ServerLevel[New World]'/minecraft:overworld
[02mars2025 03:22:40.488] [Server thread/INFO] [net.minecraft.server.MinecraftServer/]: Saving chunks for level 'ServerLevel[New World]'/minecraft:the_end
[02mars2025 03:22:40.490] [Server thread/INFO] [net.minecraft.server.MinecraftServer/]: Saving chunks for level 'ServerLevel[New World]'/minecraft:the_nether
[02mars2025 03:22:52.207] [Render thread/INFO] [net.minecraft.client.Minecraft/]: Stopping!
[02mars2025 03:22:52.251] [Server thread/INFO] [net.minecraft.server.network.ServerGamePacketListenerImpl/]: Dev lost connection: Disconnected
[02mars2025 03:22:52.251] [Server thread/INFO] [net.minecraft.server.MinecraftServer/]: Dev left the game
[02mars2025 03:22:52.273] [Server thread/INFO] [net.minecraft.server.network.ServerCommonPacketListenerImpl/]: Stopping singleplayer server as player logged out
[02mars2025 03:22:52.321] [Server thread/INFO] [net.minecraft.server.MinecraftServer/]: Stopping server
[02mars2025 03:22:52.321] [Server thread/INFO] [net.minecraft.server.MinecraftServer/]: Saving players
[02mars2025 03:22:52.321] [Server thread/INFO] [net.minecraft.server.MinecraftServer/]: Saving worlds
[02mars2025 03:22:52.369] [Server thread/INFO] [net.minecraft.server.MinecraftServer/]: Saving chunks for level 'ServerLevel[New World]'/minecraft:overworld
[02mars2025 03:22:52.401] [Server thread/INFO] [net.minecraft.server.MinecraftServer/]: Saving chunks for level 'ServerLevel[New World]'/minecraft:the_end
[02mars2025 03:22:52.407] [Server thread/INFO] [net.minecraft.server.MinecraftServer/]: Saving chunks for level 'ServerLevel[New World]'/minecraft:the_nether
[02mars2025 03:22:52.417] [Server thread/INFO] [net.minecraft.server.MinecraftServer/]: ThreadedAnvilChunkStorage (New World): All chunks are saved
[02mars2025 03:22:52.418] [Server thread/INFO] [net.minecraft.server.MinecraftServer/]: ThreadedAnvilChunkStorage (DIM1): All chunks are saved
[02mars2025 03:22:52.418] [Server thread/INFO] [net.minecraft.server.MinecraftServer/]: ThreadedAnvilChunkStorage (DIM-1): All chunks are saved
[02mars2025 03:22:52.418] [Server thread/INFO] [net.minecraft.server.MinecraftServer/]: ThreadedAnvilChunkStorage: All dimensions are saved
